ERROR 20-12-12 16:13:00[http-nio-8080-exec-5] [TestService:27] - ERROR Level 테스트
INFO  20-12-12 16:13:00[http-nio-8080-exec-6] [TestService:25] - INFO Level 테스트
WARN  20-12-12 16:13:01[http-nio-8080-exec-6] [TestService:26] - Warn Level 테스트
ERROR 20-12-12 16:13:01[http-nio-8080-exec-6] [TestService:27] - ERROR Level 테스트
INFO  20-12-12 16:14:14[Thread-45] [ThreadPoolTaskExecutor:218] - Shutting down ExecutorService 'applicationTaskExecutor'
INFO  20-12-12 16:14:14[Thread-45] [HikariDataSource:350] - HikariPool-4 - Shutdown initiated...
INFO  20-12-12 16:14:14[Thread-45] [HikariDataSource:352] - HikariPool-4 - Shutdown completed.
INFO  20-12-12 16:14:14[restartedMain] [DemoApplication:55] - Starting DemoApplication using Java 11.0.9 on DESKTOP-134FVH1 with PID 10668 (C:\Users\kimil\Documents\workout\demo\target\classes started by kimil in C:\Users\kimil\Documents\workout\demo)
INFO  20-12-12 16:14:14[restartedMain] [DemoApplication:664] - The following profiles are active: local
INFO  20-12-12 16:14:14[restartedMain] [TomcatWebServer:108] - Tomcat initialized with port(s): 8080 (http)
INFO  20-12-12 16:14:14[restartedMain] [StandardService:173] - Starting service [Tomcat]
INFO  20-12-12 16:14:14[restartedMain] [StandardEngine:173] - Starting Servlet engine: [Apache Tomcat/9.0.39]
INFO  20-12-12 16:14:14[restartedMain] [TldScanner:173] - At least one JAR was scanned for TLDs yet contained no TLDs. Enable debug logging for this logger for a complete list of JARs that were scanned but no TLDs were found in them. Skipping unneeded JARs during scanning can improve startup time and JSP compilation time.
INFO  20-12-12 16:14:14[restartedMain] [[/]:173] - Initializing Spring embedded WebApplicationContext
INFO  20-12-12 16:14:14[restartedMain] [ServletWebServerApplicationContext:289] - Root WebApplicationContext: initialization completed in 249 ms
INFO  20-12-12 16:14:14[restartedMain] [ThreadPoolTaskExecutor:181] - Initializing ExecutorService 'applicationTaskExecutor'
INFO  20-12-12 16:14:14[restartedMain] [WelcomePageHandlerMapping:54] - Adding welcome page: class path resource [static/index.html]
INFO  20-12-12 16:14:14[restartedMain] [OptionalLiveReloadServer:58] - LiveReload server is running on port 35729
INFO  20-12-12 16:14:14[restartedMain] [TomcatWebServer:220] - Tomcat started on port(s): 8080 (http) with context path ''
INFO  20-12-12 16:14:14[restartedMain] [DemoApplication:61] - Started DemoApplication in 0.398 seconds (JVM running for 3350.382)
INFO  20-12-12 16:14:14[restartedMain] [ConditionEvaluationDeltaLoggingListener:63] - Condition evaluation unchanged
INFO  20-12-12 16:14:25[SpringContextShutdownHook] [ThreadPoolTaskExecutor:218] - Shutting down ExecutorService 'applicationTaskExecutor'
INFO  20-12-12 16:21:33[restartedMain] [DemoApplication:55] - path:./src/main/logs/local Starting DemoApplication using Java 11.0.9 on DESKTOP-134FVH1 with PID 12064 (C:\Users\kimil\Documents\workout\demo\target\classes started by kimil in C:\Users\kimil\Documents\workout\demo)
INFO  20-12-12 16:21:33[restartedMain] [DemoApplication:664] - path:./src/main/logs/local The following profiles are active: local
INFO  20-12-12 16:21:34[restartedMain] [TomcatWebServer:108] - path:./src/main/logs/local Tomcat initialized with port(s): 8080 (http)
INFO  20-12-12 16:21:34[restartedMain] [Http11NioProtocol:173] - path:./src/main/logs/local Initializing ProtocolHandler ["http-nio-8080"]
INFO  20-12-12 16:21:34[restartedMain] [StandardService:173] - path:./src/main/logs/local Starting service [Tomcat]
INFO  20-12-12 16:21:34[restartedMain] [StandardEngine:173] - path:./src/main/logs/local Starting Servlet engine: [Apache Tomcat/9.0.39]
INFO  20-12-12 16:21:34[restartedMain] [TldScanner:173] - path:./src/main/logs/local At least one JAR was scanned for TLDs yet contained no TLDs. Enable debug logging for this logger for a complete list of JARs that were scanned but no TLDs were found in them. Skipping unneeded JARs during scanning can improve startup time and JSP compilation time.
INFO  20-12-12 16:21:34[restartedMain] [[/]:173] - path:./src/main/logs/local Initializing Spring embedded WebApplicationContext
INFO  20-12-12 16:21:34[restartedMain] [ServletWebServerApplicationContext:289] - path:./src/main/logs/local Root WebApplicationContext: initialization completed in 384 ms
INFO  20-12-12 16:21:34[restartedMain] [ThreadPoolTaskExecutor:181] - path:./src/main/logs/local Initializing ExecutorService 'applicationTaskExecutor'
INFO  20-12-12 16:21:34[restartedMain] [WelcomePageHandlerMapping:54] - path:./src/main/logs/local Adding welcome page: class path resource [static/index.html]
INFO  20-12-12 16:21:34[restartedMain] [OptionalLiveReloadServer:58] - path:./src/main/logs/local LiveReload server is running on port 35729
INFO  20-12-12 16:21:34[restartedMain] [Http11NioProtocol:173] - path:./src/main/logs/local Starting ProtocolHandler ["http-nio-8080"]
INFO  20-12-12 16:21:34[restartedMain] [TomcatWebServer:220] - path:./src/main/logs/local Tomcat started on port(s): 8080 (http) with context path ''
INFO  20-12-12 16:21:34[restartedMain] [DemoApplication:61] - path:./src/main/logs/local Started DemoApplication in 0.597 seconds (JVM running for 179.19)
INFO  20-12-12 16:21:34[restartedMain] [ConditionEvaluationDeltaLoggingListener:63] - path:./src/main/logs/local Condition evaluation unchanged
INFO  20-12-12 16:22:05[http-nio-8080-exec-1] [[/]:173] - path:./src/main/logs/local Initializing Spring DispatcherServlet 'dispatcherServlet'
INFO  20-12-12 16:22:05[http-nio-8080-exec-1] [DispatcherServlet:525] - path:./src/main/logs/local Initializing Servlet 'dispatcherServlet'
INFO  20-12-12 16:22:05[http-nio-8080-exec-1] [DispatcherServlet:547] - path:./src/main/logs/local Completed initialization in 1 ms
INFO  20-12-12 16:22:05[http-nio-8080-exec-1] [TestService:25] - path:./src/main/logs/local INFO Level 테스트
WARN  20-12-12 16:22:05[http-nio-8080-exec-1] [TestService:26] - path:./src/main/logs/local Warn Level 테스트
ERROR 20-12-12 16:22:05[http-nio-8080-exec-1] [TestService:27] - path:./src/main/logs/local ERROR Level 테스트
INFO  20-12-12 16:22:05[http-nio-8080-exec-1] [HikariDataSource:110] - path:./src/main/logs/local HikariPool-2 - Starting...
INFO  20-12-12 16:22:05[http-nio-8080-exec-1] [HikariDataSource:123] - path:./src/main/logs/local HikariPool-2 - Start completed.
INFO  20-12-12 16:22:09[http-nio-8080-exec-2] [TestService:25] - path:./src/main/logs/local INFO Level 테스트
WARN  20-12-12 16:22:09[http-nio-8080-exec-2] [TestService:26] - path:./src/main/logs/local Warn Level 테스트
ERROR 20-12-12 16:22:09[http-nio-8080-exec-2] [TestService:27] - path:./src/main/logs/local ERROR Level 테스트
INFO  20-12-12 16:22:24[Thread-13] [ThreadPoolTaskExecutor:218] - path:./src/main/logs/local Shutting down ExecutorService 'applicationTaskExecutor'
INFO  20-12-12 16:22:24[Thread-13] [HikariDataSource:350] - path:./src/main/logs/local HikariPool-2 - Shutdown initiated...
INFO  20-12-12 16:22:24[Thread-13] [HikariDataSource:352] - path:./src/main/logs/local HikariPool-2 - Shutdown completed.
INFO  20-12-12 16:22:24[restartedMain] [DemoApplication:55] - Starting DemoApplication using Java 11.0.9 on DESKTOP-134FVH1 with PID 12064 (C:\Users\kimil\Documents\workout\demo\target\classes started by kimil in C:\Users\kimil\Documents\workout\demo)
INFO  20-12-12 16:22:24[restartedMain] [DemoApplication:664] - The following profiles are active: local
INFO  20-12-12 16:22:24[restartedMain] [TomcatWebServer:108] - Tomcat initialized with port(s): 8080 (http)
INFO  20-12-12 16:22:24[restartedMain] [Http11NioProtocol:173] - Initializing ProtocolHandler ["http-nio-8080"]
INFO  20-12-12 16:22:24[restartedMain] [StandardService:173] - Starting service [Tomcat]
INFO  20-12-12 16:22:24[restartedMain] [StandardEngine:173] - Starting Servlet engine: [Apache Tomcat/9.0.39]
INFO  20-12-12 16:22:24[restartedMain] [TldScanner:173] - At least one JAR was scanned for TLDs yet contained no TLDs. Enable debug logging for this logger for a complete list of JARs that were scanned but no TLDs were found in them. Skipping unneeded JARs during scanning can improve startup time and JSP compilation time.
INFO  20-12-12 16:22:24[restartedMain] [[/]:173] - Initializing Spring embedded WebApplicationContext
INFO  20-12-12 16:22:24[restartedMain] [ServletWebServerApplicationContext:289] - Root WebApplicationContext: initialization completed in 320 ms
INFO  20-12-12 16:22:24[restartedMain] [ThreadPoolTaskExecutor:181] - Initializing ExecutorService 'applicationTaskExecutor'
INFO  20-12-12 16:22:24[restartedMain] [WelcomePageHandlerMapping:54] - Adding welcome page: class path resource [static/index.html]
INFO  20-12-12 16:22:24[restartedMain] [OptionalLiveReloadServer:58] - LiveReload server is running on port 35729
INFO  20-12-12 16:22:24[restartedMain] [Http11NioProtocol:173] - Starting ProtocolHandler ["http-nio-8080"]
INFO  20-12-12 16:22:24[restartedMain] [TomcatWebServer:220] - Tomcat started on port(s): 8080 (http) with context path ''
INFO  20-12-12 16:22:24[restartedMain] [DemoApplication:61] - Started DemoApplication in 0.515 seconds (JVM running for 229.483)
INFO  20-12-12 16:22:24[restartedMain] [ConditionEvaluationDeltaLoggingListener:63] - Condition evaluation unchanged
